<?xml version="1.0" encoding="UTF-8"?>
<!-- Generated by org.testng.reporters.JUnitReportReporter -->
<testsuite skipped="0" hostname="John007-Dell" name="tests.TS_PersonalLoan" tests="6" failures="0" timestamp="28 Nov 2020 02:28:03 GMT" time="5.621" errors="0">
  <testcase name="TC_homeLoanSelect" time="0.499" classname="tests.TS_PersonalLoan"/>
  <testcase name="TC_homeLoanSelect" time="0.757" classname="tests.TS_PersonalLoan"/>
  <testcase name="TC_EnterDetails" time="2.018" classname="tests.TS_PersonalLoan"/>
  <testcase name="TC_EnterDetails" time="2.087" classname="tests.TS_PersonalLoan"/>
  <testcase name="TC_ScrollDown" time="0.118" classname="tests.TS_PersonalLoan"/>
  <testcase name="TC_ScrollDown" time="0.142" classname="tests.TS_PersonalLoan"/>
</testsuite> <!-- tests.TS_PersonalLoan -->
