<?xml version="1.0" encoding="UTF-8"?>
<!-- Generated by org.testng.reporters.JUnitReportReporter -->
<testsuite skipped="0" hostname="John007-Dell" name="testScenarios.TS_CarLoan" tests="8" failures="0" timestamp="30 Nov 2020 03:18:35 GMT" time="8.643" errors="0">
  <testcase name="TC_CarLoanSelect" time="0.634" classname="testScenarios.TS_CarLoan"/>
  <testcase name="TC_CarLoanSelect" time="0.474" classname="testScenarios.TS_CarLoan"/>
  <testcase name="TC_EnterDetails" time="1.968" classname="testScenarios.TS_CarLoan"/>
  <testcase name="TC_EnterDetails" time="1.973" classname="testScenarios.TS_CarLoan"/>
  <testcase name="TC_SelectMonth" time="1.000" classname="testScenarios.TS_CarLoan"/>
  <testcase name="TC_SelectMonth" time="1.196" classname="testScenarios.TS_CarLoan"/>
  <testcase name="TC_DisplayResult" time="1.136" classname="testScenarios.TS_CarLoan"/>
  <testcase name="TC_DisplayResult" time="0.262" classname="testScenarios.TS_CarLoan"/>
</testsuite> <!-- testScenarios.TS_CarLoan -->
