<?xml version="1.0" encoding="UTF-8"?>
<!-- Generated by org.testng.reporters.JUnitReportReporter -->
<testsuite skipped="0" hostname="John007-Dell" name="testScenarios.TS_HomeLoan" tests="8" failures="0" timestamp="30 Nov 2020 12:06:22 GMT" time="7.241" errors="0">
  <testcase name="TC_homeLoanSelect" time="0.379" classname="testScenarios.TS_HomeLoan"/>
  <testcase name="TC_homeLoanSelect" time="0.442" classname="testScenarios.TS_HomeLoan"/>
  <testcase name="TC_readHomeLoanData" time="2.114" classname="testScenarios.TS_HomeLoan"/>
  <testcase name="TC_readHomeLoanData" time="2.270" classname="testScenarios.TS_HomeLoan"/>
  <testcase name="TC_scrollDown" time="0.098" classname="testScenarios.TS_HomeLoan"/>
  <testcase name="TC_scrollDown" time="0.090" classname="testScenarios.TS_HomeLoan"/>
  <testcase name="TC_yearWiseData" time="1.055" classname="testScenarios.TS_HomeLoan"/>
  <testcase name="TC_yearWiseData" time="0.793" classname="testScenarios.TS_HomeLoan"/>
</testsuite> <!-- testScenarios.TS_HomeLoan -->
