<?xml version="1.0" encoding="UTF-8"?>
<!-- Generated by org.testng.reporters.JUnitReportReporter -->
<testsuite skipped="0" hostname="John007-Dell" name="tests.TS_UICheck" tests="8" failures="0" timestamp="28 Nov 2020 02:28:03 GMT" time="51.481" errors="0">
  <testcase name="TC_SelectLoanCalculator" time="7.674" classname="tests.TS_UICheck"/>
  <testcase name="TC_SelectLoanCalculator" time="12.900" classname="tests.TS_UICheck"/>
  <testcase name="TC_EMICalculator" time="5.154" classname="tests.TS_UICheck"/>
  <testcase name="TC_EMICalculator" time="5.690" classname="tests.TS_UICheck"/>
  <testcase name="TC_LoanAmountCalculator" time="5.325" classname="tests.TS_UICheck"/>
  <testcase name="TC_LoanAmountCalculator" time="4.800" classname="tests.TS_UICheck"/>
  <testcase name="TC_LoanTenureCalculator" time="5.151" classname="tests.TS_UICheck"/>
  <testcase name="TC_LoanTenureCalculator" time="4.787" classname="tests.TS_UICheck"/>
</testsuite> <!-- tests.TS_UICheck -->
