<?xml version="1.0" encoding="UTF-8"?>
<!-- Generated by org.testng.reporters.JUnitReportReporter -->
<testsuite skipped="0" hostname="John007-Dell" name="testScenarios.TS_UICheck" tests="8" failures="0" timestamp="30 Nov 2020 12:06:22 GMT" time="49.272" errors="0">
  <testcase name="TC_selectLoanCalculator" time="7.883" classname="testScenarios.TS_UICheck"/>
  <testcase name="TC_selectLoanCalculator" time="6.754" classname="testScenarios.TS_UICheck"/>
  <testcase name="TC_emiCalculator" time="6.280" classname="testScenarios.TS_UICheck"/>
  <testcase name="TC_emiCalculator" time="5.551" classname="testScenarios.TS_UICheck"/>
  <testcase name="TC_loanAmountCalculator" time="6.125" classname="testScenarios.TS_UICheck"/>
  <testcase name="TC_loanAmountCalculator" time="5.609" classname="testScenarios.TS_UICheck"/>
  <testcase name="TC_loanTenureCalculator" time="5.518" classname="testScenarios.TS_UICheck"/>
  <testcase name="TC_loanTenureCalculator" time="5.552" classname="testScenarios.TS_UICheck"/>
</testsuite> <!-- testScenarios.TS_UICheck -->
