<?xml version="1.0" encoding="UTF-8"?>
<!-- Generated by org.testng.reporters.JUnitReportReporter -->
<testsuite skipped="0" hostname="John007-Dell" name="testScenarios.TS_HomeLoan" tests="8" failures="0" timestamp="30 Nov 2020 03:18:35 GMT" time="6.879" errors="0">
  <testcase name="TC_homeLoanSelect" time="0.394" classname="testScenarios.TS_HomeLoan"/>
  <testcase name="TC_homeLoanSelect" time="0.486" classname="testScenarios.TS_HomeLoan"/>
  <testcase name="TC_readHomeLoanData" time="2.044" classname="testScenarios.TS_HomeLoan"/>
  <testcase name="TC_readHomeLoanData" time="2.212" classname="testScenarios.TS_HomeLoan"/>
  <testcase name="TC_ScrollDown" time="0.104" classname="testScenarios.TS_HomeLoan"/>
  <testcase name="TC_ScrollDown" time="0.101" classname="testScenarios.TS_HomeLoan"/>
  <testcase name="TC_YearWiseData" time="0.834" classname="testScenarios.TS_HomeLoan"/>
  <testcase name="TC_YearWiseData" time="0.704" classname="testScenarios.TS_HomeLoan"/>
</testsuite> <!-- testScenarios.TS_HomeLoan -->
