<?xml version="1.0" encoding="UTF-8"?>
<!-- Generated by org.testng.reporters.JUnitReportReporter -->
<testsuite skipped="0" hostname="John007-Dell" name="testScenarios.TS_PersonalLoan" tests="6" failures="0" timestamp="30 Nov 2020 03:18:35 GMT" time="5.312" errors="0">
  <testcase name="TC_homeLoanSelect" time="0.419" classname="testScenarios.TS_PersonalLoan"/>
  <testcase name="TC_homeLoanSelect" time="0.707" classname="testScenarios.TS_PersonalLoan"/>
  <testcase name="TC_EnterDetails" time="1.984" classname="testScenarios.TS_PersonalLoan"/>
  <testcase name="TC_EnterDetails" time="1.940" classname="testScenarios.TS_PersonalLoan"/>
  <testcase name="TC_ScrollDown" time="0.151" classname="testScenarios.TS_PersonalLoan"/>
  <testcase name="TC_ScrollDown" time="0.111" classname="testScenarios.TS_PersonalLoan"/>
</testsuite> <!-- testScenarios.TS_PersonalLoan -->
