<?xml version="1.0" encoding="UTF-8"?>
<!-- Generated by org.testng.reporters.JUnitReportReporter -->
<testsuite skipped="0" hostname="John007-Dell" name="testScenarios.TS_UICheck" tests="8" failures="0" timestamp="30 Nov 2020 03:18:35 GMT" time="45.106" errors="0">
  <testcase name="TC_SelectLoanCalculator" time="6.769" classname="testScenarios.TS_UICheck"/>
  <testcase name="TC_SelectLoanCalculator" time="6.925" classname="testScenarios.TS_UICheck"/>
  <testcase name="TC_EMICalculator" time="5.219" classname="testScenarios.TS_UICheck"/>
  <testcase name="TC_EMICalculator" time="5.366" classname="testScenarios.TS_UICheck"/>
  <testcase name="TC_LoanAmountCalculator" time="5.689" classname="testScenarios.TS_UICheck"/>
  <testcase name="TC_LoanAmountCalculator" time="4.905" classname="testScenarios.TS_UICheck"/>
  <testcase name="TC_LoanTenureCalculator" time="5.154" classname="testScenarios.TS_UICheck"/>
  <testcase name="TC_LoanTenureCalculator" time="5.079" classname="testScenarios.TS_UICheck"/>
</testsuite> <!-- testScenarios.TS_UICheck -->
