<?xml version="1.0" encoding="UTF-8"?>
<!-- Generated by org.testng.reporters.JUnitReportReporter -->
<testsuite skipped="0" hostname="John007-Dell" name="tests.TS_CarLoan" tests="8" failures="0" timestamp="28 Nov 2020 02:28:03 GMT" time="8.504" errors="0">
  <testcase name="TC_CarLoanSelect" time="0.538" classname="tests.TS_CarLoan"/>
  <testcase name="TC_CarLoanSelect" time="0.548" classname="tests.TS_CarLoan"/>
  <testcase name="TC_EnterDetails" time="2.034" classname="tests.TS_CarLoan"/>
  <testcase name="TC_EnterDetails" time="2.065" classname="tests.TS_CarLoan"/>
  <testcase name="TC_SelectMonth" time="0.831" classname="tests.TS_CarLoan"/>
  <testcase name="TC_SelectMonth" time="0.843" classname="tests.TS_CarLoan"/>
  <testcase name="TC_DisplayResult" time="1.496" classname="tests.TS_CarLoan"/>
  <testcase name="TC_DisplayResult" time="0.149" classname="tests.TS_CarLoan"/>
</testsuite> <!-- tests.TS_CarLoan -->
