<?xml version="1.0" encoding="UTF-8"?>
<!-- Generated by org.testng.reporters.JUnitReportReporter -->
<testsuite skipped="0" hostname="John007-Dell" name="testScenarios.TS_PersonalLoan" tests="6" failures="0" timestamp="30 Nov 2020 12:06:22 GMT" time="5.488" errors="0">
  <testcase name="TC_personalLoanSelect" time="0.483" classname="testScenarios.TS_PersonalLoan"/>
  <testcase name="TC_personalLoanSelect" time="0.474" classname="testScenarios.TS_PersonalLoan"/>
  <testcase name="TC_enterDetails" time="2.056" classname="testScenarios.TS_PersonalLoan"/>
  <testcase name="TC_enterDetails" time="2.081" classname="testScenarios.TS_PersonalLoan"/>
  <testcase name="TC_scrollDown" time="0.154" classname="testScenarios.TS_PersonalLoan"/>
  <testcase name="TC_scrollDown" time="0.240" classname="testScenarios.TS_PersonalLoan"/>
</testsuite> <!-- testScenarios.TS_PersonalLoan -->
