<?xml version="1.0" encoding="UTF-8"?>
<!-- Generated by org.testng.reporters.JUnitReportReporter -->
<testsuite skipped="0" hostname="John007-Dell" name="testScenarios.TS_CarLoan" tests="8" failures="0" timestamp="30 Nov 2020 12:06:22 GMT" time="9.027" errors="0">
  <testcase name="TC_carLoanSelect" time="0.514" classname="testScenarios.TS_CarLoan"/>
  <testcase name="TC_carLoanSelect" time="0.621" classname="testScenarios.TS_CarLoan"/>
  <testcase name="TC_enterDetails" time="2.085" classname="testScenarios.TS_CarLoan"/>
  <testcase name="TC_enterDetails" time="2.129" classname="testScenarios.TS_CarLoan"/>
  <testcase name="TC_selectMonth" time="1.213" classname="testScenarios.TS_CarLoan"/>
  <testcase name="TC_selectMonth" time="0.984" classname="testScenarios.TS_CarLoan"/>
  <testcase name="TC_displayResult" time="1.339" classname="testScenarios.TS_CarLoan"/>
  <testcase name="TC_displayResult" time="0.142" classname="testScenarios.TS_CarLoan"/>
</testsuite> <!-- testScenarios.TS_CarLoan -->
