<?xml version="1.0" encoding="UTF-8"?>
<!-- Generated by org.testng.reporters.JUnitReportReporter -->
<testsuite skipped="0" hostname="John007-Dell" name="tests.TS_HomeLoan" tests="8" failures="0" timestamp="28 Nov 2020 02:28:03 GMT" time="7.377" errors="0">
  <testcase name="TC_homeLoanSelect" time="0.484" classname="tests.TS_HomeLoan"/>
  <testcase name="TC_homeLoanSelect" time="0.492" classname="tests.TS_HomeLoan"/>
  <testcase name="TC_readHomeLoanData" time="2.481" classname="tests.TS_HomeLoan"/>
  <testcase name="TC_readHomeLoanData" time="2.191" classname="tests.TS_HomeLoan"/>
  <testcase name="TC_ScrollDown" time="0.118" classname="tests.TS_HomeLoan"/>
  <testcase name="TC_ScrollDown" time="0.088" classname="tests.TS_HomeLoan"/>
  <testcase name="TC_YearWiseData" time="0.823" classname="tests.TS_HomeLoan"/>
  <testcase name="TC_YearWiseData" time="0.700" classname="tests.TS_HomeLoan"/>
</testsuite> <!-- tests.TS_HomeLoan -->
